GROUP,PACKAGE,CLASS,INSTRUCTION_MISSED,INSTRUCTION_COVERED,BRANCH_MISSED,BRANCH_COVERED,LINE_MISSED,LINE_COVERED,COMPLEXITY_MISSED,COMPLEXITY_COVERED,METHOD_MISSED,METHOD_COVERED
mvn-web-app Maven Webapp,com.toshi313.servlet,Initializer,85,0,0,0,10,0,4,0,4,0
mvn-web-app Maven Webapp,com.toshi313.servlet,ShowStateList,0,229,0,4,0,29,0,4,0,2
mvn-web-app Maven Webapp,com.toshi313.common,PropertyInfo,22,248,1,3,1,31,1,6,0,5
mvn-web-app Maven Webapp,com.toshi313.common,Util,3,19,0,0,1,2,1,2,1,2
mvn-web-app Maven Webapp,com.toshi313.dao,SelectMtState,46,165,2,6,4,28,2,5,0,3
mvn-web-app Maven Webapp,com.toshi313.dao,DBConnector,9,263,0,10,2,34,0,8,0,3
