<?xml version="1.0" encoding="UTF-8"?>
<testsuite xmlns:xsi="http://www.w3.org/2001/XMLSchema-instance" xsi:noNamespaceSchemaLocation="https://maven.apache.org/surefire/maven-surefire-plugin/xsd/surefire-test-report-3.0.xsd" version="3.0" name="com.toshi313.common.CommonUtAllTests" time="0.645" tests="4" errors="0" skipped="0" failures="0">
  <properties>
[...]
</properties>
  <testcase name="getMethodNameメソッドが正しいメソッド名を返すこと" classname="com.toshi313.common.UtilTest" time="0.015"/>
  <testcase name="getClassNameメソッドが正しいクラス名を返すこと" classname="com.toshi313.common.UtilTest" time="0"/>
  <testcase name="getInstanceメソッドが正しいInstanceを返すこと" classname="com.toshi313.common.PropertyInfoTest" time="0.387"/>
  <testcase name="getValueメソッドが正しい値を返すこと" classname="com.toshi313.common.PropertyInfoTest" time="0.176"/>
</testsuite>