-------------------------------------------------------------------------------
Test set: com.toshi313.integration.IndexIntegration
-------------------------------------------------------------------------------
Tests run: 1, Failures: 0, Errors: 1, Skipped: 0, Time elapsed: 0.12 s <<< FAILURE! - in com.toshi313.integration.IndexIntegration
index_jsp‚ª•\Ž¦‚³‚ê‚é‚±‚Æ(com.toshi313.integration.IndexIntegration)  Time elapsed: 0.075 s  <<< ERROR!
java.lang.IllegalStateException: The driver executable does not exist: C:\Users\Toshiyuki\maven_prj\mvn-web-app\src\resources\webdriver\chromedriver.exe
	at com.toshi313.integration.IndexIntegration.index_jsp‚ª•\Ž¦‚³‚ê‚é‚±‚Æ(IndexIntegration.java:26)

